2024/09/01 21:46:50 [error] 36#36: *40 connect() failed (111: Connection refused) while connecting to upstream, client: 172.18.0.1, server: localhost, request: "GET / HTTP/1.1", upstream: "http://172.18.0.4:8001/", host: "localhost"
2024/09/01 21:46:50 [error] 36#36: *40 connect() failed (111: Connection refused) while connecting to upstream, client: 172.18.0.1, server: localhost, request: "GET / HTTP/1.1", upstream: "http://172.18.0.4:8002/", host: "localhost"
2024/09/01 21:46:50 [error] 36#36: *40 connect() failed (111: Connection refused) while connecting to upstream, client: 172.18.0.1, server: localhost, request: "GET / HTTP/1.1", upstream: "http://172.18.0.4:8003/", host: "localhost"
2024/09/01 21:49:46 [error] 35#35: *46 connect() failed (111: Connection refused) while connecting to upstream, client: 172.18.0.1, server: localhost, request: "GET / HTTP/1.1", upstream: "http://172.18.0.4:8001/", host: "localhost"
2024/09/01 21:49:46 [error] 35#35: *46 connect() failed (111: Connection refused) while connecting to upstream, client: 172.18.0.1, server: localhost, request: "GET / HTTP/1.1", upstream: "http://172.18.0.4:8002/", host: "localhost"
2024/09/01 21:49:46 [error] 35#35: *46 connect() failed (111: Connection refused) while connecting to upstream, client: 172.18.0.1, server: localhost, request: "GET / HTTP/1.1", upstream: "http://172.18.0.4:8003/", host: "localhost"
2024/09/01 21:49:48 [error] 37#37: *63 connect() failed (111: Connection refused) while connecting to upstream, client: 172.18.0.1, server: localhost, request: "GET / HTTP/1.1", upstream: "http://172.18.0.4:8001/", host: "localhost"
2024/09/01 21:49:48 [error] 37#37: *63 connect() failed (111: Connection refused) while connecting to upstream, client: 172.18.0.1, server: localhost, request: "GET / HTTP/1.1", upstream: "http://172.18.0.4:8002/", host: "localhost"
2024/09/01 21:49:48 [error] 37#37: *63 connect() failed (111: Connection refused) while connecting to upstream, client: 172.18.0.1, server: localhost, request: "GET / HTTP/1.1", upstream: "http://172.18.0.4:8003/", host: "localhost"
2024/09/01 21:51:36 [error] 30#30: *77 connect() failed (111: Connection refused) while connecting to upstream, client: 172.18.0.1, server: localhost, request: "GET / HTTP/1.1", upstream: "http://172.18.0.4:8003/", host: "localhost"
2024/09/01 21:51:36 [error] 30#30: *77 connect() failed (111: Connection refused) while connecting to upstream, client: 172.18.0.1, server: localhost, request: "GET / HTTP/1.1", upstream: "http://172.18.0.4:8002/", host: "localhost"
2024/09/01 21:51:36 [error] 30#30: *77 connect() failed (111: Connection refused) while connecting to upstream, client: 172.18.0.1, server: localhost, request: "GET / HTTP/1.1", upstream: "http://172.18.0.4:8001/", host: "localhost"
2024/09/01 21:55:48 [emerg] 46#46: bind() to 0.0.0.0:80 failed (98: Address in use)
2024/09/01 21:55:48 [emerg] 46#46: bind() to [::]:80 failed (98: Address in use)
2024/09/01 21:55:48 [notice] 46#46: try again to bind() after 500ms
2024/09/01 21:55:48 [emerg] 46#46: bind() to 0.0.0.0:80 failed (98: Address in use)
2024/09/01 21:55:48 [emerg] 46#46: bind() to [::]:80 failed (98: Address in use)
2024/09/01 21:55:48 [notice] 46#46: try again to bind() after 500ms
2024/09/01 21:55:48 [emerg] 46#46: bind() to 0.0.0.0:80 failed (98: Address in use)
2024/09/01 21:55:48 [emerg] 46#46: bind() to [::]:80 failed (98: Address in use)
2024/09/01 21:55:48 [notice] 46#46: try again to bind() after 500ms
2024/09/01 21:55:48 [emerg] 46#46: bind() to 0.0.0.0:80 failed (98: Address in use)
2024/09/01 21:55:48 [emerg] 46#46: bind() to [::]:80 failed (98: Address in use)
2024/09/01 21:55:48 [notice] 46#46: try again to bind() after 500ms
2024/09/01 21:55:48 [emerg] 46#46: bind() to 0.0.0.0:80 failed (98: Address in use)
2024/09/01 21:55:48 [emerg] 46#46: bind() to [::]:80 failed (98: Address in use)
2024/09/01 21:55:48 [notice] 46#46: try again to bind() after 500ms
2024/09/01 21:55:48 [emerg] 46#46: still could not bind()
2024/09/01 22:07:10 [notice] 1#1: signal 3 (SIGQUIT) received, shutting down
2024/09/01 22:07:10 [notice] 31#31: gracefully shutting down
2024/09/01 22:07:10 [notice] 30#30: gracefully shutting down
2024/09/01 22:07:10 [notice] 32#32: gracefully shutting down
2024/09/01 22:07:10 [notice] 33#33: gracefully shutting down
2024/09/01 22:07:10 [notice] 34#34: gracefully shutting down
2024/09/01 22:07:10 [notice] 37#37: gracefully shutting down
2024/09/01 22:07:10 [notice] 36#36: gracefully shutting down
2024/09/01 22:07:10 [notice] 35#35: gracefully shutting down
2024/09/01 22:07:10 [notice] 32#32: exiting
2024/09/01 22:07:10 [notice] 30#30: exiting
2024/09/01 22:07:10 [notice] 31#31: exiting
2024/09/01 22:07:10 [notice] 33#33: exiting
2024/09/01 22:07:10 [notice] 34#34: exiting
2024/09/01 22:07:10 [notice] 36#36: exiting
2024/09/01 22:07:10 [notice] 35#35: exiting
2024/09/01 22:07:10 [notice] 37#37: exiting
2024/09/01 22:07:10 [notice] 31#31: exit
2024/09/01 22:07:10 [notice] 32#32: exit
2024/09/01 22:07:10 [notice] 33#33: exit
2024/09/01 22:07:10 [notice] 30#30: exit
2024/09/01 22:07:10 [notice] 34#34: exit
2024/09/01 22:07:10 [notice] 36#36: exit
2024/09/01 22:07:10 [notice] 35#35: exit
2024/09/01 22:07:10 [notice] 37#37: exit
2024/09/01 22:07:11 [notice] 1#1: signal 17 (SIGCHLD) received from 34
2024/09/01 22:07:11 [notice] 1#1: worker process 30 exited with code 0
2024/09/01 22:07:11 [notice] 1#1: worker process 31 exited with code 0
2024/09/01 22:07:11 [notice] 1#1: worker process 32 exited with code 0
2024/09/01 22:07:11 [notice] 1#1: worker process 33 exited with code 0
2024/09/01 22:07:11 [notice] 1#1: worker process 34 exited with code 0
2024/09/01 22:07:11 [notice] 1#1: worker process 35 exited with code 0
2024/09/01 22:07:11 [notice] 1#1: worker process 36 exited with code 0
2024/09/01 22:07:11 [notice] 1#1: worker process 37 exited with code 0
2024/09/01 22:07:11 [notice] 1#1: exit
2024/09/01 22:07:14 [notice] 1#1: using the "epoll" event method
2024/09/01 22:07:14 [notice] 1#1: nginx/1.23.3
2024/09/01 22:07:14 [notice] 1#1: built by gcc 12.2.1 20220924 (Alpine 12.2.1_git20220924-r4) 
2024/09/01 22:07:14 [notice] 1#1: OS: Linux 5.15.153.1-microsoft-standard-WSL2
2024/09/01 22:07:14 [notice] 1#1: getrlimit(RLIMIT_NOFILE): 1048576:1048576
2024/09/01 22:07:14 [notice] 1#1: start worker processes
2024/09/01 22:07:14 [notice] 1#1: start worker process 29
2024/09/01 22:07:14 [notice] 1#1: start worker process 30
2024/09/01 22:07:14 [notice] 1#1: start worker process 31
2024/09/01 22:07:14 [notice] 1#1: start worker process 32
2024/09/01 22:07:14 [notice] 1#1: start worker process 33
2024/09/01 22:07:14 [notice] 1#1: start worker process 34
2024/09/01 22:07:14 [notice] 1#1: start worker process 35
2024/09/01 22:07:14 [notice] 1#1: start worker process 36
2024/09/01 22:12:10 [notice] 1#1: signal 3 (SIGQUIT) received, shutting down
2024/09/01 22:12:10 [notice] 29#29: gracefully shutting down
2024/09/01 22:12:10 [notice] 35#35: gracefully shutting down
2024/09/01 22:12:10 [notice] 31#31: gracefully shutting down
2024/09/01 22:12:10 [notice] 29#29: exiting
2024/09/01 22:12:10 [notice] 35#35: exiting
2024/09/01 22:12:10 [notice] 33#33: gracefully shutting down
2024/09/01 22:12:10 [notice] 30#30: gracefully shutting down
2024/09/01 22:12:10 [notice] 34#34: gracefully shutting down
2024/09/01 22:12:10 [notice] 31#31: exiting
2024/09/01 22:12:10 [notice] 32#32: gracefully shutting down
2024/09/01 22:12:10 [notice] 36#36: gracefully shutting down
2024/09/01 22:12:10 [notice] 32#32: exiting
2024/09/01 22:12:10 [notice] 30#30: exiting
2024/09/01 22:12:10 [notice] 33#33: exiting
2024/09/01 22:12:10 [notice] 33#33: exit
2024/09/01 22:12:10 [notice] 35#35: exit
2024/09/01 22:12:10 [notice] 29#29: exit
2024/09/01 22:12:10 [notice] 34#34: exiting
2024/09/01 22:12:10 [notice] 34#34: exit
2024/09/01 22:12:10 [notice] 36#36: exiting
2024/09/01 22:12:10 [notice] 36#36: exit
2024/09/01 22:12:10 [notice] 31#31: exit
2024/09/01 22:12:10 [notice] 32#32: exit
2024/09/01 22:12:10 [notice] 30#30: exit
2024/09/01 22:12:10 [notice] 1#1: signal 17 (SIGCHLD) received from 29
2024/09/01 22:12:10 [notice] 1#1: worker process 29 exited with code 0
2024/09/01 22:12:10 [notice] 1#1: worker process 30 exited with code 0
2024/09/01 22:12:10 [notice] 1#1: worker process 33 exited with code 0
2024/09/01 22:12:10 [notice] 1#1: worker process 34 exited with code 0
2024/09/01 22:12:10 [notice] 1#1: worker process 35 exited with code 0
2024/09/01 22:12:10 [notice] 1#1: worker process 36 exited with code 0
2024/09/01 22:12:10 [notice] 1#1: signal 29 (SIGIO) received
2024/09/01 22:12:10 [notice] 1#1: signal 17 (SIGCHLD) received from 33
2024/09/01 22:12:10 [notice] 1#1: worker process 32 exited with code 0
2024/09/01 22:12:10 [notice] 1#1: worker process 31 exited with code 0
2024/09/01 22:12:10 [notice] 1#1: exit
2024/09/01 22:24:03 [notice] 1#1: using the "epoll" event method
2024/09/01 22:24:03 [notice] 1#1: nginx/1.23.3
2024/09/01 22:24:03 [notice] 1#1: built by gcc 12.2.1 20220924 (Alpine 12.2.1_git20220924-r4) 
2024/09/01 22:24:03 [notice] 1#1: OS: Linux 5.15.153.1-microsoft-standard-WSL2
2024/09/01 22:24:03 [notice] 1#1: getrlimit(RLIMIT_NOFILE): 1048576:1048576
2024/09/01 22:24:03 [notice] 1#1: start worker processes
2024/09/01 22:24:03 [notice] 1#1: start worker process 29
2024/09/01 22:24:03 [notice] 1#1: start worker process 30
2024/09/01 22:24:03 [notice] 1#1: start worker process 31
2024/09/01 22:24:03 [notice] 1#1: start worker process 32
2024/09/01 22:24:03 [notice] 1#1: start worker process 33
2024/09/01 22:24:03 [notice] 1#1: start worker process 34
2024/09/01 22:24:03 [notice] 1#1: start worker process 35
2024/09/01 22:24:03 [notice] 1#1: start worker process 36
2024/09/01 22:33:39 [notice] 1#1: signal 3 (SIGQUIT) received, shutting down
2024/09/01 22:33:39 [notice] 36#36: gracefully shutting down
2024/09/01 22:33:39 [notice] 31#31: gracefully shutting down
2024/09/01 22:33:39 [notice] 30#30: gracefully shutting down
2024/09/01 22:33:39 [notice] 33#33: gracefully shutting down
2024/09/01 22:33:39 [notice] 32#32: gracefully shutting down
2024/09/01 22:33:39 [notice] 35#35: gracefully shutting down
2024/09/01 22:33:39 [notice] 29#29: gracefully shutting down
2024/09/01 22:33:39 [notice] 36#36: exiting
2024/09/01 22:33:39 [notice] 34#34: gracefully shutting down
2024/09/01 22:33:39 [notice] 29#29: exiting
2024/09/01 22:33:39 [notice] 31#31: exiting
2024/09/01 22:33:39 [notice] 29#29: exit
2024/09/01 22:33:39 [notice] 33#33: exiting
2024/09/01 22:33:39 [notice] 33#33: exit
2024/09/01 22:33:39 [notice] 32#32: exiting
2024/09/01 22:33:39 [notice] 35#35: exiting
2024/09/01 22:33:39 [notice] 31#31: exit
2024/09/01 22:33:39 [notice] 32#32: exit
2024/09/01 22:33:39 [notice] 30#30: exiting
2024/09/01 22:33:39 [notice] 36#36: exit
2024/09/01 22:33:39 [notice] 34#34: exiting
2024/09/01 22:33:39 [notice] 35#35: exit
2024/09/01 22:33:39 [notice] 34#34: exit
2024/09/01 22:33:39 [notice] 30#30: exit
2024/09/01 22:33:40 [notice] 1#1: signal 17 (SIGCHLD) received from 30
2024/09/01 22:33:40 [notice] 1#1: worker process 30 exited with code 0
2024/09/01 22:33:40 [notice] 1#1: worker process 32 exited with code 0
2024/09/01 22:33:40 [notice] 1#1: worker process 29 exited with code 0
2024/09/01 22:33:40 [notice] 1#1: worker process 33 exited with code 0
2024/09/01 22:33:40 [notice] 1#1: worker process 31 exited with code 0
2024/09/01 22:33:40 [notice] 1#1: worker process 34 exited with code 0
2024/09/01 22:33:40 [notice] 1#1: worker process 35 exited with code 0
2024/09/01 22:33:40 [notice] 1#1: worker process 36 exited with code 0
2024/09/01 22:33:40 [notice] 1#1: exit
2024/09/01 22:34:05 [notice] 1#1: using the "epoll" event method
2024/09/01 22:34:05 [notice] 1#1: nginx/1.23.3
2024/09/01 22:34:05 [notice] 1#1: built by gcc 12.2.1 20220924 (Alpine 12.2.1_git20220924-r4) 
2024/09/01 22:34:05 [notice] 1#1: OS: Linux 5.15.153.1-microsoft-standard-WSL2
2024/09/01 22:34:05 [notice] 1#1: getrlimit(RLIMIT_NOFILE): 1048576:1048576
2024/09/01 22:34:05 [notice] 1#1: start worker processes
2024/09/01 22:34:05 [notice] 1#1: start worker process 29
2024/09/01 22:34:05 [notice] 1#1: start worker process 30
2024/09/01 22:34:05 [notice] 1#1: start worker process 31
2024/09/01 22:34:05 [notice] 1#1: start worker process 32
2024/09/01 22:34:05 [notice] 1#1: start worker process 33
2024/09/01 22:34:05 [notice] 1#1: start worker process 34
2024/09/01 22:34:05 [notice] 1#1: start worker process 35
2024/09/01 22:34:05 [notice] 1#1: start worker process 36
